<?xml version="1.0" encoding="UTF-8"?>
<!-- Generated by org.testng.reporters.JUnitReportReporter -->
<testsuite skipped="0" hostname="VAIO" name="Udemy.RahulShetty.RestApiTest" tests="2" failures="0" timestamp="2021-07-22T14:53:47 IST" time="0.003" errors="0">
  <testcase name="ApiTestProj" time="0.001" classname="Udemy.RahulShetty.RestApiTest"/>
  <system-out/>
  <testcase name="ApiTesting" time="0.002" classname="Udemy.RahulShetty.RestApiTest"/>
  <system-out/>
</testsuite> <!-- Udemy.RahulShetty.RestApiTest -->
