<?xml version="1.0" encoding="UTF-8"?>
<!-- Generated by org.testng.reporters.JUnitReportReporter -->
<testsuite skipped="0" hostname="VAIO" name="Udemy.RahulShetty.AppiumTest" tests="2" failures="0" timestamp="2021-07-22T14:53:47 IST" time="0.001" errors="0">
  <testcase name="AppiumTestProj" time="0.001" classname="Udemy.RahulShetty.AppiumTest"/>
  <system-out/>
  <testcase name="AppiumTesting" time="0.000" classname="Udemy.RahulShetty.AppiumTest"/>
  <system-out/>
</testsuite> <!-- Udemy.RahulShetty.AppiumTest -->
