<?xml version="1.0" encoding="UTF-8"?>
<!-- Generated by org.testng.reporters.JUnitReportReporter -->
<testsuite skipped="0" hostname="VAIO" name="Udemy.RahulShetty.SeleniumTest" tests="2" failures="0" timestamp="2021-07-22T14:53:47 IST" time="0.045" errors="0">
  <testcase name="BrowserAutomation" time="0.044" classname="Udemy.RahulShetty.SeleniumTest"/>
  <system-out/>
  <testcase name="elementsURL" time="0.001" classname="Udemy.RahulShetty.SeleniumTest"/>
  <system-out/>
</testsuite> <!-- Udemy.RahulShetty.SeleniumTest -->
